<?xml version="1.0" encoding="UTF-8"?>
<testsuite xmlns:xsi="http://www.w3.org/2001/XMLSchema-instance" xsi:noNamespaceSchemaLocation="https://maven.apache.org/surefire/maven-surefire-plugin/xsd/surefire-test-report.xsd" name="com.ua.pt.AppTest" time="0.05" tests="1" errors="0" skipped="0" failures="0">
  <properties>
    <property name="java.specification.version" value="14"/>
    <property name="sun.jnu.encoding" value="UTF-8"/>
    <property name="java.class.path" value="/Users/miguelmarques/Desktop/Uni/4ºano/IES/IES_100850/lab1/lab1_2/my_weather_radar/target/test-classes:/Users/miguelmarques/Desktop/Uni/4ºano/IES/IES_100850/lab1/lab1_2/my_weather_radar/target/classes:/Users/miguelmarques/.m2/repository/junit/junit/4.11/junit-4.11.jar:/Users/miguelmarques/.m2/repository/org/hamcrest/hamcrest-core/1.3/hamcrest-core-1.3.jar:/Users/miguelmarques/.m2/repository/com/squareup/retrofit2/retrofit/2.9.0/retrofit-2.9.0.jar:/Users/miguelmarques/.m2/repository/com/squareup/okhttp3/okhttp/3.14.9/okhttp-3.14.9.jar:/Users/miguelmarques/.m2/repository/com/squareup/okio/okio/1.17.2/okio-1.17.2.jar:/Users/miguelmarques/.m2/repository/com/google/code/gson/gson/2.8.8/gson-2.8.8.jar:/Users/miguelmarques/.m2/repository/com/squareup/retrofit2/converter-gson/2.3.0/converter-gson-2.3.0.jar:"/>
    <property name="java.vm.vendor" value="Oracle Corporation"/>
    <property name="sun.arch.data.model" value="64"/>
    <property name="java.vendor.url" value="https://java.oracle.com/"/>
    <property name="os.name" value="Mac OS X"/>
    <property name="java.vm.specification.version" value="14"/>
    <property name="sun.java.launcher" value="SUN_STANDARD"/>
    <property name="user.country" value="PT"/>
    <property name="sun.boot.library.path" value="/Library/Java/JavaVirtualMachines/jdk-14.0.1.jdk/Contents/Home/lib"/>
    <property name="sun.java.command" value="/Users/miguelmarques/Desktop/Uni/4ºano/IES/IES_100850/lab1/lab1_2/my_weather_radar/target/surefire/surefirebooter8774983948460521772.jar /Users/miguelmarques/Desktop/Uni/4ºano/IES/IES_100850/lab1/lab1_2/my_weather_radar/target/surefire 2021-10-18T19-29-09_932-jvmRun1 surefire16806565337116968483tmp surefire_02868195291668602870tmp"/>
    <property name="http.nonProxyHosts" value="local|*.local|169.254/16|*.169.254/16"/>
    <property name="jdk.debug" value="release"/>
    <property name="surefire.test.class.path" value="/Users/miguelmarques/Desktop/Uni/4ºano/IES/IES_100850/lab1/lab1_2/my_weather_radar/target/test-classes:/Users/miguelmarques/Desktop/Uni/4ºano/IES/IES_100850/lab1/lab1_2/my_weather_radar/target/classes:/Users/miguelmarques/.m2/repository/junit/junit/4.11/junit-4.11.jar:/Users/miguelmarques/.m2/repository/org/hamcrest/hamcrest-core/1.3/hamcrest-core-1.3.jar:/Users/miguelmarques/.m2/repository/com/squareup/retrofit2/retrofit/2.9.0/retrofit-2.9.0.jar:/Users/miguelmarques/.m2/repository/com/squareup/okhttp3/okhttp/3.14.9/okhttp-3.14.9.jar:/Users/miguelmarques/.m2/repository/com/squareup/okio/okio/1.17.2/okio-1.17.2.jar:/Users/miguelmarques/.m2/repository/com/google/code/gson/gson/2.8.8/gson-2.8.8.jar:/Users/miguelmarques/.m2/repository/com/squareup/retrofit2/converter-gson/2.3.0/converter-gson-2.3.0.jar:"/>
    <property name="sun.cpu.endian" value="little"/>
    <property name="user.home" value="/Users/miguelmarques"/>
    <property name="user.language" value="pt"/>
    <property name="java.specification.vendor" value="Oracle Corporation"/>
    <property name="java.version.date" value="2020-04-14"/>
    <property name="java.home" value="/Library/Java/JavaVirtualMachines/jdk-14.0.1.jdk/Contents/Home"/>
    <property name="file.separator" value="/"/>
    <property name="basedir" value="/Users/miguelmarques/Desktop/Uni/4ºano/IES/IES_100850/lab1/lab1_2/my_weather_radar"/>
    <property name="java.vm.compressedOopsMode" value="Zero based"/>
    <property name="line.separator" value="&#10;"/>
    <property name="java.specification.name" value="Java Platform API Specification"/>
    <property name="java.vm.specification.vendor" value="Oracle Corporation"/>
    <property name="surefire.real.class.path" value="/Users/miguelmarques/Desktop/Uni/4ºano/IES/IES_100850/lab1/lab1_2/my_weather_radar/target/surefire/surefirebooter8774983948460521772.jar"/>
    <property name="sun.management.compiler" value="HotSpot 64-Bit Tiered Compilers"/>
    <property name="ftp.nonProxyHosts" value="local|*.local|169.254/16|*.169.254/16"/>
    <property name="java.runtime.version" value="14.0.1+7"/>
    <property name="user.name" value="miguelmarques"/>
    <property name="path.separator" value=":"/>
    <property name="os.version" value="10.16"/>
    <property name="java.runtime.name" value="Java(TM) SE Runtime Environment"/>
    <property name="file.encoding" value="UTF-8"/>
    <property name="java.vm.name" value="Java HotSpot(TM) 64-Bit Server VM"/>
    <property name="localRepository" value="/Users/miguelmarques/.m2/repository"/>
    <property name="java.vendor.url.bug" value="https://bugreport.java.com/bugreport/"/>
    <property name="java.io.tmpdir" value="/var/folders/5k/7kq5pvgn35dd0fxzr2_kycbw0000gn/T/"/>
    <property name="java.version" value="14.0.1"/>
    <property name="user.dir" value="/Users/miguelmarques/Desktop/Uni/4ºano/IES/IES_100850/lab1/lab1_2/my_weather_radar"/>
    <property name="os.arch" value="x86_64"/>
    <property name="java.vm.specification.name" value="Java Virtual Machine Specification"/>
    <property name="java.library.path" value="/Users/miguelmarques/Library/Java/Extensions:/Library/Java/Extensions:/Network/Library/Java/Extensions:/System/Library/Java/Extensions:/usr/lib/java:."/>
    <property name="java.vm.info" value="mixed mode, sharing"/>
    <property name="java.vendor" value="Oracle Corporation"/>
    <property name="java.vm.version" value="14.0.1+7"/>
    <property name="sun.io.unicode.encoding" value="UnicodeBig"/>
    <property name="socksNonProxyHosts" value="local|*.local|169.254/16|*.169.254/16"/>
    <property name="java.class.version" value="58.0"/>
  </properties>
  <testcase name="shouldAnswerWithTrue" classname="com.ua.pt.AppTest" time="0.002"/>
</testsuite>